#
# There is insufficient memory for the Java Runtime Environment to continue.
# Native memory allocation (mmap) failed to map 264241152 bytes. Error detail: G1 virtual space
# Possible reasons:
#   The system is out of physical RAM or swap space
#   This process is running with CompressedOops enabled, and the Java Heap may be blocking the growth of the native heap
# Possible solutions:
#   Reduce memory load on the system
#   Increase physical memory or swap space
#   Check if swap backing store is full
#   Decrease Java heap size (-Xmx/-Xms)
#   Decrease number of Java threads
#   Decrease Java thread stack sizes (-Xss)
#   Set larger code cache with -XX:ReservedCodeCacheSize=
#   JVM is running with Zero Based Compressed Oops mode in which the Java heap is
#     placed in the first 32GB address space. The Java Heap base address is the
#     maximum limit for the native heap growth. Please use -XX:HeapBaseMinAddress
#     to set the Java Heap base and to place the Java Heap above 32GB virtual address.
# This output file may be truncated or incomplete.
#
#  Out of Memory Error (os_windows.cpp:3554), pid=14552, tid=5940
#
# JRE version:  (25.0.3+9) (build )
# Java VM: Java HotSpot(TM) 64-Bit Server VM (25.0.3+9-LTS-195, mixed mode, sharing, tiered, compressed oops, compressed class ptrs, g1 gc, windows-amd64)
# No core dump will be written. Minidumps are not enabled by default on client versions of Windows
#

---------------  S U M M A R Y ------------

Command Line: -Dnet.bytebuddy.agent.attacher.dump= net.bytebuddy.agent.Attacher com.sun.tools.attach.VirtualMachine 22256 C:\Users\Admin\.m2\repository\net\bytebuddy\byte-buddy-agent\1.17.8\byte-buddy-agent-1.17.8.jar false 

Host: 11th Gen Intel(R) Core(TM) i7-1165G7 @ 2.80GHz, 8 cores, 15G,  Windows 11 , 64 bit Build 26100 (10.0.26100.8246)
Time: Sat May  2 14:34:21 2026 SE Asia Standard Time elapsed time: 0.024485 seconds (0d 0h 0m 0s)

---------------  T H R E A D  ---------------

Current thread (0x0000015d4bc42aa0):  JavaThread "Unknown thread" [_thread_in_vm, id=5940, stack(0x0000000a15900000,0x0000000a15a00000) (1024K)]

Stack: [0x0000000a15900000,0x0000000a15a00000]
Native frames: (J=compiled Java code, j=interpreted, Vv=VM code, C=native code)
V  [jvm.dll+0x7a7d69]  (no source info available)
V  [jvm.dll+0x7739dd]  (no source info available)
V  [jvm.dll+0x9669f3]  (no source info available)
V  [jvm.dll+0x968ff1]  (no source info available)
V  [jvm.dll+0x969703]  (no source info available)
V  [jvm.dll+0x2fc9e6]  (no source info available)
V  [jvm.dll+0x7a3f95]  (no source info available)
V  [jvm.dll+0x7973a7]  (no source info available)
V  [jvm.dll+0x3f4e38]  (no source info available)
V  [jvm.dll+0x3fcd86]  (no source info available)
V  [jvm.dll+0x3e942e]  (no source info available)
V  [jvm.dll+0x3e96e8]  (no source info available)
V  [jvm.dll+0x3c0435]  (no source info available)
V  [jvm.dll+0x3c10be]  (no source info available)
V  [jvm.dll+0x92da97]  (no source info available)
V  [jvm.dll+0x4593d2]  (no source info available)
V  [jvm.dll+0x911442]  (no source info available)
V  [jvm.dll+0x4f9ef1]  (no source info available)
V  [jvm.dll+0x4fb781]  (no source info available)
C  [jli.dll+0x543e]  (no source info available)
C  [ucrtbase.dll+0x37b0]  (no source info available)
C  [KERNEL32.DLL+0x2e8d7]  (no source info available)
C  [ntdll.dll+0x8c3fc]  (no source info available)

Lock stack of current Java thread (top to bottom):


---------------  P R O C E S S  ---------------

Threads class SMR info:
_java_thread_list=0x00007ff8b8e56388, length=0, elements={
}

Java Threads: ( => current thread )
Total: 0

Other Threads:
  0x0000015d4e17af30 WorkerThread "GC Thread#0"                     [id=19124, stack(0x0000000a15a00000,0x0000000a15b00000) (1024K)]
  0x0000015d4e193ba0 ConcurrentGCThread "G1 Main Marker"            [id=14020, stack(0x0000000a15b00000,0x0000000a15c00000) (1024K)]
  0x0000015d4e1952b0 WorkerThread "G1 Conc#0"                       [id=22296, stack(0x0000000a15c00000,0x0000000a15d00000) (1024K)]

[error occurred during error reporting (printing all threads), id 0xc0000005, EXCEPTION_ACCESS_VIOLATION (0xc0000005) at pc=0x00007ff8b85353da]
VM state: not at safepoint (not fully initialized)

VM Mutex/Monitor currently owned by a thread:  ([mutex/lock_event])
[0x00007ff8b8eda788] Heap_lock - owner thread: 0x0000015d4bc42aa0

Heap address: 0x0000000704400000, size: 4028 MB, Compressed Oops mode: Zero based, Oop shift amount: 3

CDS archive(s) mapped at: [0x0000000000000000-0x0000000000000000-0x0000000000000000), size 0, SharedBaseAddress: 0x0000000800000000, ArchiveRelocationMode: 1.
UseCompressedClassPointers 1, UseCompactObjectHeaders 0
Narrow klass pointer bits 32, Max shift 3
Narrow klass base: 0xffffffffffffffff, Narrow klass shift: -1
Encoding Range: [0xffffffffffffffff - 0x000000007fffffff), (2147483648 bytes)
Klass Range:    [0x0000000000000000 - 0x0000000000000000), (0 bytes)
Klass ID Range:  [4294967295 - 0) (1)
No protection zone.

GC Precious Log:
 CardTable entry size: 512
 Card Set container configuration: InlinePtr #cards 4 size 8 Array Of Cards #cards 16 size 48 Howl #buckets 8 coarsen threshold 3686 Howl Bitmap #cards 512 size 80 coarsen threshold 460 Card regions per heap region 1 cards per card region 4096

Heap:
 garbage-first heap   total reserved 4124672K, committed 0K, used 0K [0x0000000704400000, 0x0000000800000000)
  region size 2048K, 0 young (0K), 0 survivors (0K)

Heap Regions: E=young(eden), S=young(survivor), O=old, HS=humongous(starts), HC=humongous(continues), CS=collection set, F=free, TAMS=top-at-mark-start, PB=parsable bottom

Card table byte_map: [0x0000015d664c0000,0x0000015d66ca0000] _byte_map_base: 0x0000015d62c9e000

Marking Bits: (CMBitMap*) 0x0000015d4e17b6c0
 Bits: [0x0000015d66ca0000, 0x0000015d6ab90000)

GC Heap Usage History (0 events):
No events

Metaspace Usage History (0 events):
No events

Dll operation events (1 events):
Event: 0.010 Loaded shared library D:\Downloads\jdk-25_windows-x64_bin\jdk-25.0.3\bin\java.dll

Deoptimization events (0 events):
No events

Classes loaded (0 events):
No events

Classes unloaded (0 events):
No events

Classes redefined (0 events):
No events

Internal exceptions (0 events):
No events

VM Operations (0 events):
No events

Memory protections (0 events):
No events

Nmethod flushes (0 events):
No events

Events (0 events):
No events


Dynamic libraries:
0x00007ff605e30000 - 0x00007ff605e40000 	D:\Downloads\jdk-25_windows-x64_bin\jdk-25.0.3\bin\java.exe
0x00007ff936de0000 - 0x00007ff937047000 	C:\WINDOWS\SYSTEM32\ntdll.dll
0x00007ff9369c0000 - 0x00007ff936a89000 	C:\WINDOWS\System32\KERNEL32.DLL
0x00007ff934280000 - 0x00007ff934674000 	C:\WINDOWS\System32\KERNELBASE.dll
0x00007ff934680000 - 0x00007ff9347cb000 	C:\WINDOWS\System32\ucrtbase.dll
0x00007ff8fb810000 - 0x00007ff8fb827000 	D:\Downloads\jdk-25_windows-x64_bin\jdk-25.0.3\bin\jli.dll
0x00007ff925750000 - 0x00007ff92576e000 	D:\Downloads\jdk-25_windows-x64_bin\jdk-25.0.3\bin\VCRUNTIME140.dll
0x00007ff935ab0000 - 0x00007ff935c75000 	C:\WINDOWS\System32\USER32.dll
0x00007ff933890000 - 0x00007ff9338b7000 	C:\WINDOWS\System32\win32u.dll
0x00007ff935440000 - 0x00007ff93546b000 	C:\WINDOWS\System32\GDI32.dll
0x00007ff924a40000 - 0x00007ff924cd3000 	C:\WINDOWS\WinSxS\amd64_microsoft.windows.common-controls_6595b64144ccf1df_6.0.26100.8115_none_3e075c82e3354f9c\COMCTL32.dll
0x00007ff933760000 - 0x00007ff93388b000 	C:\WINDOWS\System32\gdi32full.dll
0x00007ff936910000 - 0x00007ff9369b9000 	C:\WINDOWS\System32\msvcrt.dll
0x00007ff9336b0000 - 0x00007ff933753000 	C:\WINDOWS\System32\msvcp_win.dll
0x00007ff9368d0000 - 0x00007ff936902000 	C:\WINDOWS\System32\IMM32.DLL
0x00007ff92bd80000 - 0x00007ff92bd8c000 	D:\Downloads\jdk-25_windows-x64_bin\jdk-25.0.3\bin\vcruntime140_1.dll
0x00007ff8ed200000 - 0x00007ff8ed28d000 	D:\Downloads\jdk-25_windows-x64_bin\jdk-25.0.3\bin\msvcp140.dll
0x00007ff8b8160000 - 0x00007ff8b8fc0000 	D:\Downloads\jdk-25_windows-x64_bin\jdk-25.0.3\bin\server\jvm.dll
0x00007ff9354d0000 - 0x00007ff935586000 	C:\WINDOWS\System32\ADVAPI32.dll
0x00007ff935f10000 - 0x00007ff935fb7000 	C:\WINDOWS\System32\sechost.dll
0x00007ff935df0000 - 0x00007ff935f08000 	C:\WINDOWS\System32\RPCRT4.dll
0x00007ff9367e0000 - 0x00007ff936860000 	C:\WINDOWS\System32\WS2_32.dll
0x00007ff933510000 - 0x00007ff93356e000 	C:\WINDOWS\SYSTEM32\POWRPROF.dll
0x00007ff92d670000 - 0x00007ff92d67b000 	C:\WINDOWS\SYSTEM32\VERSION.dll
0x00007ff926770000 - 0x00007ff9267a6000 	C:\WINDOWS\SYSTEM32\WINMM.dll
0x00007ff9334f0000 - 0x00007ff933504000 	C:\WINDOWS\SYSTEM32\UMPDC.dll
0x00007ff932420000 - 0x00007ff93243b000 	C:\WINDOWS\SYSTEM32\kernel.appcore.dll
0x00007ff92b4f0000 - 0x00007ff92b4fa000 	D:\Downloads\jdk-25_windows-x64_bin\jdk-25.0.3\bin\jimage.dll
0x00007ff931250000 - 0x00007ff931492000 	C:\WINDOWS\SYSTEM32\DBGHELP.DLL
0x00007ff935720000 - 0x00007ff935aa2000 	C:\WINDOWS\System32\combase.dll
0x00007ff935fc0000 - 0x00007ff936098000 	C:\WINDOWS\System32\OLEAUT32.dll
0x00007ff904400000 - 0x00007ff90443b000 	C:\WINDOWS\SYSTEM32\dbgcore.DLL
0x00007ff9347d0000 - 0x00007ff934875000 	C:\WINDOWS\System32\bcryptPrimitives.dll
0x00007ff9256e0000 - 0x00007ff9256ff000 	D:\Downloads\jdk-25_windows-x64_bin\jdk-25.0.3\bin\java.dll
0x00007ff936b00000 - 0x00007ff936c97000 	C:\WINDOWS\System32\ole32.dll
0x00007ff934cd0000 - 0x00007ff935437000 	C:\WINDOWS\System32\SHELL32.dll
0x00007ff934880000 - 0x00007ff9349ea000 	C:\WINDOWS\System32\wintypes.dll

JVMTI agents: none

dbghelp: loaded successfully - version: 4.0.5 - missing functions: none
symbol engine: initialized successfully - sym options: 0x614 - pdb path: .;D:\Downloads\jdk-25_windows-x64_bin\jdk-25.0.3\bin;C:\WINDOWS\SYSTEM32;C:\WINDOWS\WinSxS\amd64_microsoft.windows.common-controls_6595b64144ccf1df_6.0.26100.8115_none_3e075c82e3354f9c;D:\Downloads\jdk-25_windows-x64_bin\jdk-25.0.3\bin\server

VM Arguments:
jvm_args: -Dnet.bytebuddy.agent.attacher.dump= 
java_command: net.bytebuddy.agent.Attacher com.sun.tools.attach.VirtualMachine 22256 C:\Users\Admin\.m2\repository\net\bytebuddy\byte-buddy-agent\1.17.8\byte-buddy-agent-1.17.8.jar false 
java_class_path (initial): C:\Users\Admin\.m2\repository\net\bytebuddy\byte-buddy-agent\1.17.8\byte-buddy-agent-1.17.8.jar
Launcher Type: SUN_STANDARD

[Global flags]
     intx CICompilerCount                          = 4                                         {product} {ergonomic}
     uint ConcGCThreads                            = 2                                         {product} {ergonomic}
     uint G1ConcRefinementThreads                  = 8                                         {product} {ergonomic}
   size_t G1HeapRegionSize                         = 2097152                                   {product} {ergonomic}
   size_t InitialHeapSize                          = 264241152                                 {product} {ergonomic}
   size_t MarkStackSize                            = 4194304                                   {product} {ergonomic}
   size_t MarkStackSizeMax                         = 536870912                                 {product} {ergonomic}
   size_t MaxHeapSize                              = 4223664128                                {product} {ergonomic}
   size_t MinHeapDeltaBytes                        = 2097152                                   {product} {ergonomic}
   size_t MinHeapSize                              = 8388608                                   {product} {ergonomic}
    uintx NonNMethodCodeHeapSize                   = 5832704                                {pd product} {ergonomic}
    uintx NonProfiledCodeHeapSize                  = 122945536                              {pd product} {ergonomic}
    uintx ProfiledCodeHeapSize                     = 122880000                              {pd product} {ergonomic}
    uintx ReservedCodeCacheSize                    = 251658240                              {pd product} {ergonomic}
     bool SegmentedCodeCache                       = true                                      {product} {ergonomic}
   size_t SoftMaxHeapSize                          = 4223664128                             {manageable} {ergonomic}
     bool UseCompressedOops                        = true                           {product lp64_product} {ergonomic}
     bool UseG1GC                                  = true                                      {product} {ergonomic}
     bool UseLargePagesIndividualAllocation        = false                                  {pd product} {ergonomic}

Logging:
Log output configuration:
 #0: stdout all=warning uptime,level,tags foldmultilines=false
 #1: stderr all=off uptime,level,tags foldmultilines=false

Release file:
<release file has not been read>
Environment Variables:
JAVA_HOME=D:\Downloads\jdk-25_windows-x64_bin\jdk-25.0.3
PATH=C:\Users\Admin\AppData\Local\Programs\Microsoft VS Code;C:\WINDOWS\system32;C:\WINDOWS;C:\WINDOWS\System32\Wbem;C:\WINDOWS\System32\WindowsPowerShell\v1.0\;C:\WINDOWS\System32\OpenSSH\;D:\GitGit\cmd;C:\Program Files\Docker\Docker\resources\bin;D:\Downloads\jdk-25_windows-x64_bin\jdk-25.0.3\bin;D:\Downloads\apache-maven-3.9.15-bin\apache-maven-3.9.15\bin;C:\Program Files\dotnet\;D:\python310;D:\python310\Scripts;C:\Users\Admin\AppData\Local\Microsoft\WindowsApps;C:\Users\Admin\AppData\Local\Programs\Microsoft VS Code\bin;D:\python310;D:\python310\Scripts;c:\Users\Admin\.vscode\extensions\vscjava.vscode-java-debug-0.59.0\bundled\scripts\noConfigScripts
USERNAME=Admin
LANG=en_US.UTF-8
OS=Windows_NT
PROCESSOR_IDENTIFIER=Intel64 Family 6 Model 140 Stepping 1, GenuineIntel
TMP=C:\Users\Admin\AppData\Local\Temp
TEMP=C:\Users\Admin\AppData\Local\Temp




Compilation memory statistics disabled.

Periodic native trim disabled

---------------  S Y S T E M  ---------------

OS:
 Windows 11 , 64 bit Build 26100 (10.0.26100.8246)
OS uptime: 1 days 0:15 hours
Hyper-V role detected

CPU: total 8 (initial active 8) (4 cores per cpu, 2 threads per core) family 6 model 140 stepping 1 microcode 0xbc, cx8, cmov, fxsr, ht, mmx, 3dnowpref, sse, sse2, sse3, ssse3, sse4.1, sse4.2, popcnt, lzcnt, tsc, tscinvbit, avx, avx2, aes, erms, clmul, bmi1, bmi2, adx, avx512f, avx512dq, avx512cd, avx512bw, avx512vl, sha, fma, vzeroupper, avx512_vpopcntdq, avx512_vpclmulqdq, avx512_vaes, avx512_vnni, clflush, clflushopt, clwb, avx512_vbmi2, avx512_vbmi, hv, rdtscp, rdpid, fsrm, gfni, avx512_bitalg, f16c, cet_ibt, cet_ss, avx512_ifma
Processor Information for the first 8 processors :
  Max Mhz: 2803, Current Mhz: 2803, Mhz Limit: 2803

Memory: 4k page, system-wide physical 16110M (1953M free)
TotalPageFile size 26642M (AvailPageFile size 127M)
current process WorkingSet (physical memory assigned to process): 14M, peak: 14M
current process commit charge ("private bytes"): 61M, peak: 312M

vm_info: Java HotSpot(TM) 64-Bit Server VM (25.0.3+9-LTS-195) for windows-amd64 JRE (25.0.3+9-LTS-195), built on 2026-03-11T00:20:00Z with MS VC++ 17.13 (VS2022)

END.
