#
# There is insufficient memory for the Java Runtime Environment to continue.
# Native memory allocation (malloc) failed to allocate 1244784 bytes. Error detail: Chunk::new
# Possible reasons:
#   The system is out of physical RAM or swap space
#   This process is running with CompressedOops enabled, and the Java Heap may be blocking the growth of the native heap
# Possible solutions:
#   Reduce memory load on the system
#   Increase physical memory or swap space
#   Check if swap backing store is full
#   Decrease Java heap size (-Xmx/-Xms)
#   Decrease number of Java threads
#   Decrease Java thread stack sizes (-Xss)
#   Set larger code cache with -XX:ReservedCodeCacheSize=
#   JVM is running with Zero Based Compressed Oops mode in which the Java heap is
#     placed in the first 32GB address space. The Java Heap base address is the
#     maximum limit for the native heap growth. Please use -XX:HeapBaseMinAddress
#     to set the Java Heap base and to place the Java Heap above 32GB virtual address.
# This output file may be truncated or incomplete.
#
#  Out of Memory Error (arena.cpp:186), pid=15324, tid=18784
#
# JRE version: Java(TM) SE Runtime Environment (25.0.3+9) (build 25.0.3+9-LTS-195)
# Java VM: Java HotSpot(TM) 64-Bit Server VM (25.0.3+9-LTS-195, mixed mode, sharing, tiered, compressed oops, compressed class ptrs, g1 gc, windows-amd64)
# No core dump will be written. Minidumps are not enabled by default on client versions of Windows
#

---------------  S U M M A R Y ------------

Command Line: C:\Users\Admin\AppData\Local\Temp\surefire12409221336569608476\surefirebooter-20260501155458618_3.jar C:\Users\Admin\AppData\Local\Temp\surefire12409221336569608476 2026-05-01T15-54-58_509-jvmRun1 surefire-20260501155458618_1tmp surefire_0-20260501155458618_2tmp

Host: 11th Gen Intel(R) Core(TM) i7-1165G7 @ 2.80GHz, 8 cores, 15G,  Windows 11 , 64 bit Build 26100 (10.0.26100.8246)
Time: Fri May  1 15:55:01 2026 SE Asia Standard Time elapsed time: 2.973961 seconds (0d 0h 0m 2s)

---------------  T H R E A D  ---------------

Current thread (0x00000276614ce9c0):  JavaThread "C2 CompilerThread1" daemon [_thread_in_native, id=18784, stack(0x0000009f70800000,0x0000009f70900000) (1024K)]


Current CompileTask:
C2:2974 2042       4       java.lang.invoke.MethodType::methodType (69 bytes)

Stack: [0x0000009f70800000,0x0000009f70900000]
Native frames: (J=compiled Java code, j=interpreted, Vv=VM code, C=native code)
V  [jvm.dll+0x7a7d69]  (no source info available)
V  [jvm.dll+0x7739dd]  (no source info available)
V  [jvm.dll+0x9669f3]  (no source info available)
V  [jvm.dll+0x968ff1]  (no source info available)
V  [jvm.dll+0x969703]  (no source info available)
V  [jvm.dll+0x2fc9e6]  (no source info available)
V  [jvm.dll+0x111c96]  (no source info available)
V  [jvm.dll+0x111fbe]  (no source info available)
V  [jvm.dll+0x452c77]  (no source info available)
V  [jvm.dll+0x25493a]  (no source info available)
V  [jvm.dll+0x2c0bac]  (no source info available)
V  [jvm.dll+0x2bfcff]  (no source info available)
V  [jvm.dll+0x237b20]  (no source info available)
V  [jvm.dll+0x2cfe26]  (no source info available)
V  [jvm.dll+0x2ce0a5]  (no source info available)
V  [jvm.dll+0x48ee81]  (no source info available)
V  [jvm.dll+0x907c6d]  (no source info available)
V  [jvm.dll+0x7a6345]  (no source info available)
C  [ucrtbase.dll+0x37b0]  (no source info available)
C  [KERNEL32.DLL+0x2e8d7]  (no source info available)
C  [ntdll.dll+0x8c3fc]  (no source info available)

Lock stack of current Java thread (top to bottom):


---------------  P R O C E S S  ---------------

Threads class SMR info:
_java_thread_list=0x000002766807cb50, length=14, elements={
0x000002763fcef940, 0x00000276614bcb80, 0x00000276614bd5e0, 0x00000276614c15c0,
0x00000276614c2180, 0x00000276614c2d40, 0x00000276614c60b0, 0x00000276614c76e0,
0x00000276614d0a00, 0x00000276615beef0, 0x00000276615c3eb0, 0x00000276614ce9c0,
0x00000276660fee30, 0x000002766621b330
}

Java Threads: ( => current thread )
  0x000002763fcef940 JavaThread "main"                              [_thread_in_vm, id=19988, stack(0x0000009f6f600000,0x0000009f6f700000) (1024K)]
  0x00000276614bcb80 JavaThread "Reference Handler"          daemon [_thread_blocked, id=11784, stack(0x0000009f6fe00000,0x0000009f6ff00000) (1024K)]
  0x00000276614bd5e0 JavaThread "Finalizer"                  daemon [_thread_blocked, id=3620, stack(0x0000009f6ff00000,0x0000009f70000000) (1024K)]
  0x00000276614c15c0 JavaThread "Signal Dispatcher"          daemon [_thread_blocked, id=6308, stack(0x0000009f70000000,0x0000009f70100000) (1024K)]
  0x00000276614c2180 JavaThread "Attach Listener"            daemon [_thread_blocked, id=18532, stack(0x0000009f70100000,0x0000009f70200000) (1024K)]
  0x00000276614c2d40 JavaThread "Service Thread"             daemon [_thread_blocked, id=5704, stack(0x0000009f70200000,0x0000009f70300000) (1024K)]
  0x00000276614c60b0 JavaThread "Monitor Deflation Thread"   daemon [_thread_blocked, id=16952, stack(0x0000009f70300000,0x0000009f70400000) (1024K)]
  0x00000276614c76e0 JavaThread "C2 CompilerThread0"         daemon [_thread_in_native, id=3200, stack(0x0000009f70400000,0x0000009f70500000) (1024K)]
  0x00000276614d0a00 JavaThread "C1 CompilerThread0"         daemon [_thread_blocked, id=19788, stack(0x0000009f70500000,0x0000009f70600000) (1024K)]
  0x00000276615beef0 JavaThread "Notification Thread"        daemon [_thread_blocked, id=9356, stack(0x0000009f70600000,0x0000009f70700000) (1024K)]
  0x00000276615c3eb0 JavaThread "Common-Cleaner"             daemon [_thread_blocked, id=13356, stack(0x0000009f70700000,0x0000009f70800000) (1024K)]
=>0x00000276614ce9c0 JavaThread "C2 CompilerThread1"         daemon [_thread_in_native, id=18784, stack(0x0000009f70800000,0x0000009f70900000) (1024K)]
  0x00000276660fee30 JavaThread "surefire-forkedjvm-stream-flusher" daemon [_thread_blocked, id=14224, stack(0x0000009f70900000,0x0000009f70a00000) (1024K)]
  0x000002766621b330 JavaThread "surefire-forkedjvm-command-thread" daemon [_thread_in_native, id=11916, stack(0x0000009f70a00000,0x0000009f70b00000) (1024K)]
Total: 14

Other Threads:
  0x00000276614ac930 VMThread "VM Thread"                           [id=1480, stack(0x0000009f6fd00000,0x0000009f6fe00000) (1024K)]
  0x00000276614996c0 WatcherThread "VM Periodic Task Thread"        [id=6780, stack(0x0000009f6fc00000,0x0000009f6fd00000) (1024K)]
  0x0000027642099b30 WorkerThread "GC Thread#0"                     [id=22272, stack(0x0000009f6f700000,0x0000009f6f800000) (1024K)]
  0x0000027667353930 WorkerThread "GC Thread#1"                     [id=4504, stack(0x0000009f70c00000,0x0000009f70d00000) (1024K)]
  0x000002766701e480 WorkerThread "GC Thread#2"                     [id=1976, stack(0x0000009f70d00000,0x0000009f70e00000) (1024K)]
  0x0000027666fc86f0 WorkerThread "GC Thread#3"                     [id=7460, stack(0x0000009f70e00000,0x0000009f70f00000) (1024K)]
  0x0000027666d40c90 WorkerThread "GC Thread#4"                     [id=12120, stack(0x0000009f70f00000,0x0000009f71000000) (1024K)]
  0x00000276670d3690 WorkerThread "GC Thread#5"                     [id=2420, stack(0x0000009f71000000,0x0000009f71100000) (1024K)]
  0x00000276420b2db0 ConcurrentGCThread "G1 Main Marker"            [id=19404, stack(0x0000009f6f800000,0x0000009f6f900000) (1024K)]
  0x00000276420b3950 WorkerThread "G1 Conc#0"                       [id=2944, stack(0x0000009f6f900000,0x0000009f6fa00000) (1024K)]
  0x000002766135f870 ConcurrentGCThread "G1 Refine#0"               [id=16416, stack(0x0000009f6fa00000,0x0000009f6fb00000) (1024K)]
  0x0000027661362390 ConcurrentGCThread "G1 Service"                [id=17056, stack(0x0000009f6fb00000,0x0000009f6fc00000) (1024K)]
Total: 12

Threads with active compile tasks:
C2 CompilerThread0  4010 2114       4       java.lang.invoke.MethodType::makeImpl (109 bytes)
C2 CompilerThread1  4010 2042       4       java.lang.invoke.MethodType::methodType (69 bytes)
Total: 2

VM state: not at safepoint (normal execution)

VM Mutex/Monitor currently owned by a thread: None

Heap address: 0x0000000704400000, size: 4028 MB, Compressed Oops mode: Zero based, Oop shift amount: 3

CDS archive(s) mapped at: [0x0000000014000000-0x0000000014dd0000-0x0000000014dd0000), size 14483456, SharedBaseAddress: 0x0000000014000000, ArchiveRelocationMode: 1.
Compressed class space mapped at: 0x0000000015000000-0x0000000055000000, reserved size: 1073741824
UseCompressedClassPointers 1, UseCompactObjectHeaders 0
Narrow klass pointer bits 32, Max shift 3
Narrow klass base: 0x0000000014000000, Narrow klass shift: 0
Encoding Range: [0x0000000014000000 - 0x0000000114000000), (4294967296 bytes)
Klass Range:    [0x0000000014010000 - 0x0000000055000000), (1090453504 bytes)
Klass ID Range:  [65536 - 1090519033) (1090453497)
Protection zone: [0x0000000014000000 - 0x0000000014010000), (65536 bytes)

GC Precious Log:
 CardTable entry size: 512
 Card Set container configuration: InlinePtr #cards 4 size 8 Array Of Cards #cards 16 size 48 Howl #buckets 8 coarsen threshold 3686 Howl Bitmap #cards 512 size 80 coarsen threshold 460 Card regions per heap region 1 cards per card region 4096
 CPUs: 8 total, 8 available
 Memory: 16110M
 Large Page Support: Disabled
 NUMA Support: Disabled
 Compressed Oops: Enabled (Zero based)
 Heap Region Size: 2M
 Heap Min Capacity: 8M
 Heap Initial Capacity: 252M
 Heap Max Capacity: 4028M
 Pre-touch: Disabled
 Parallel Workers: 8
 Concurrent Workers: 2
 Concurrent Refinement Workers: 8
 Periodic GC: Disabled

Heap:
 garbage-first heap   total reserved 4124672K, committed 260096K, used 29065K [0x0000000704400000, 0x0000000800000000)
  region size 2048K, 12 young (24576K), 3 survivors (6144K)

Heap Regions: E=young(eden), S=young(survivor), O=old, HS=humongous(starts), HC=humongous(continues), CS=collection set, F=free, TAMS=top-at-mark-start, PB=parsable bottom
|   0|0x0000000704400000, 0x0000000704600000, 0x0000000704600000|100%| O|  |TAMS 0x0000000704400000| PB 0x0000000704400000| Untracked |  0
|   1|0x0000000704600000, 0x0000000704800000, 0x0000000704800000|100%| O|  |TAMS 0x0000000704600000| PB 0x0000000704600000| Untracked |  0
|   2|0x0000000704800000, 0x000000070493d040, 0x0000000704a00000| 61%| O|  |TAMS 0x0000000704800000| PB 0x0000000704800000| Untracked |  0
|   3|0x0000000704a00000, 0x0000000704a00000, 0x0000000704c00000|  0%| F|  |TAMS 0x0000000704a00000| PB 0x0000000704a00000| Untracked |  0
|   4|0x0000000704c00000, 0x0000000704c00000, 0x0000000704e00000|  0%| F|  |TAMS 0x0000000704c00000| PB 0x0000000704c00000| Untracked |  0
|   5|0x0000000704e00000, 0x0000000704e00000, 0x0000000705000000|  0%| F|  |TAMS 0x0000000704e00000| PB 0x0000000704e00000| Untracked |  0
|   6|0x0000000705000000, 0x0000000705000000, 0x0000000705200000|  0%| F|  |TAMS 0x0000000705000000| PB 0x0000000705000000| Untracked |  0
|   7|0x0000000705200000, 0x0000000705200000, 0x0000000705400000|  0%| F|  |TAMS 0x0000000705200000| PB 0x0000000705200000| Untracked |  0
|   8|0x0000000705400000, 0x0000000705400000, 0x0000000705600000|  0%| F|  |TAMS 0x0000000705400000| PB 0x0000000705400000| Untracked |  0
|   9|0x0000000705600000, 0x0000000705600000, 0x0000000705800000|  0%| F|  |TAMS 0x0000000705600000| PB 0x0000000705600000| Untracked |  0
|  10|0x0000000705800000, 0x0000000705800000, 0x0000000705a00000|  0%| F|  |TAMS 0x0000000705800000| PB 0x0000000705800000| Untracked |  0
|  11|0x0000000705a00000, 0x0000000705a00000, 0x0000000705c00000|  0%| F|  |TAMS 0x0000000705a00000| PB 0x0000000705a00000| Untracked |  0
|  12|0x0000000705c00000, 0x0000000705c00000, 0x0000000705e00000|  0%| F|  |TAMS 0x0000000705c00000| PB 0x0000000705c00000| Untracked |  0
|  13|0x0000000705e00000, 0x0000000705e00000, 0x0000000706000000|  0%| F|  |TAMS 0x0000000705e00000| PB 0x0000000705e00000| Untracked |  0
|  14|0x0000000706000000, 0x0000000706000000, 0x0000000706200000|  0%| F|  |TAMS 0x0000000706000000| PB 0x0000000706000000| Untracked |  0
|  15|0x0000000706200000, 0x0000000706200000, 0x0000000706400000|  0%| F|  |TAMS 0x0000000706200000| PB 0x0000000706200000| Untracked |  0
|  16|0x0000000706400000, 0x0000000706400000, 0x0000000706600000|  0%| F|  |TAMS 0x0000000706400000| PB 0x0000000706400000| Untracked |  0
|  17|0x0000000706600000, 0x0000000706600000, 0x0000000706800000|  0%| F|  |TAMS 0x0000000706600000| PB 0x0000000706600000| Untracked |  0
|  18|0x0000000706800000, 0x0000000706800000, 0x0000000706a00000|  0%| F|  |TAMS 0x0000000706800000| PB 0x0000000706800000| Untracked |  0
|  19|0x0000000706a00000, 0x0000000706a00000, 0x0000000706c00000|  0%| F|  |TAMS 0x0000000706a00000| PB 0x0000000706a00000| Untracked |  0
|  20|0x0000000706c00000, 0x0000000706c00000, 0x0000000706e00000|  0%| F|  |TAMS 0x0000000706c00000| PB 0x0000000706c00000| Untracked |  0
|  21|0x0000000706e00000, 0x0000000706e00000, 0x0000000707000000|  0%| F|  |TAMS 0x0000000706e00000| PB 0x0000000706e00000| Untracked |  0
|  22|0x0000000707000000, 0x0000000707000000, 0x0000000707200000|  0%| F|  |TAMS 0x0000000707000000| PB 0x0000000707000000| Untracked |  0
|  23|0x0000000707200000, 0x0000000707200000, 0x0000000707400000|  0%| F|  |TAMS 0x0000000707200000| PB 0x0000000707200000| Untracked |  0
|  24|0x0000000707400000, 0x0000000707400000, 0x0000000707600000|  0%| F|  |TAMS 0x0000000707400000| PB 0x0000000707400000| Untracked |  0
|  25|0x0000000707600000, 0x0000000707600000, 0x0000000707800000|  0%| F|  |TAMS 0x0000000707600000| PB 0x0000000707600000| Untracked |  0
|  26|0x0000000707800000, 0x0000000707800000, 0x0000000707a00000|  0%| F|  |TAMS 0x0000000707800000| PB 0x0000000707800000| Untracked |  0
|  27|0x0000000707a00000, 0x0000000707a00000, 0x0000000707c00000|  0%| F|  |TAMS 0x0000000707a00000| PB 0x0000000707a00000| Untracked |  0
|  28|0x0000000707c00000, 0x0000000707c00000, 0x0000000707e00000|  0%| F|  |TAMS 0x0000000707c00000| PB 0x0000000707c00000| Untracked |  0
|  29|0x0000000707e00000, 0x0000000707e00000, 0x0000000708000000|  0%| F|  |TAMS 0x0000000707e00000| PB 0x0000000707e00000| Untracked |  0
|  30|0x0000000708000000, 0x0000000708000000, 0x0000000708200000|  0%| F|  |TAMS 0x0000000708000000| PB 0x0000000708000000| Untracked |  0
|  31|0x0000000708200000, 0x0000000708200000, 0x0000000708400000|  0%| F|  |TAMS 0x0000000708200000| PB 0x0000000708200000| Untracked |  0
|  32|0x0000000708400000, 0x0000000708400000, 0x0000000708600000|  0%| F|  |TAMS 0x0000000708400000| PB 0x0000000708400000| Untracked |  0
|  33|0x0000000708600000, 0x0000000708600000, 0x0000000708800000|  0%| F|  |TAMS 0x0000000708600000| PB 0x0000000708600000| Untracked |  0
|  34|0x0000000708800000, 0x0000000708800000, 0x0000000708a00000|  0%| F|  |TAMS 0x0000000708800000| PB 0x0000000708800000| Untracked |  0
|  35|0x0000000708a00000, 0x0000000708a00000, 0x0000000708c00000|  0%| F|  |TAMS 0x0000000708a00000| PB 0x0000000708a00000| Untracked |  0
|  36|0x0000000708c00000, 0x0000000708c00000, 0x0000000708e00000|  0%| F|  |TAMS 0x0000000708c00000| PB 0x0000000708c00000| Untracked |  0
|  37|0x0000000708e00000, 0x0000000708e00000, 0x0000000709000000|  0%| F|  |TAMS 0x0000000708e00000| PB 0x0000000708e00000| Untracked |  0
|  38|0x0000000709000000, 0x0000000709000000, 0x0000000709200000|  0%| F|  |TAMS 0x0000000709000000| PB 0x0000000709000000| Untracked |  0
|  39|0x0000000709200000, 0x0000000709200000, 0x0000000709400000|  0%| F|  |TAMS 0x0000000709200000| PB 0x0000000709200000| Untracked |  0
|  40|0x0000000709400000, 0x0000000709400000, 0x0000000709600000|  0%| F|  |TAMS 0x0000000709400000| PB 0x0000000709400000| Untracked |  0
|  41|0x0000000709600000, 0x0000000709600000, 0x0000000709800000|  0%| F|  |TAMS 0x0000000709600000| PB 0x0000000709600000| Untracked |  0
|  42|0x0000000709800000, 0x0000000709800000, 0x0000000709a00000|  0%| F|  |TAMS 0x0000000709800000| PB 0x0000000709800000| Untracked |  0
|  43|0x0000000709a00000, 0x0000000709a00000, 0x0000000709c00000|  0%| F|  |TAMS 0x0000000709a00000| PB 0x0000000709a00000| Untracked |  0
|  44|0x0000000709c00000, 0x0000000709c00000, 0x0000000709e00000|  0%| F|  |TAMS 0x0000000709c00000| PB 0x0000000709c00000| Untracked |  0
|  45|0x0000000709e00000, 0x0000000709e00000, 0x000000070a000000|  0%| F|  |TAMS 0x0000000709e00000| PB 0x0000000709e00000| Untracked |  0
|  46|0x000000070a000000, 0x000000070a000000, 0x000000070a200000|  0%| F|  |TAMS 0x000000070a000000| PB 0x000000070a000000| Untracked |  0
|  47|0x000000070a200000, 0x000000070a200000, 0x000000070a400000|  0%| F|  |TAMS 0x000000070a200000| PB 0x000000070a200000| Untracked |  0
|  48|0x000000070a400000, 0x000000070a400000, 0x000000070a600000|  0%| F|  |TAMS 0x000000070a400000| PB 0x000000070a400000| Untracked |  0
|  49|0x000000070a600000, 0x000000070a600000, 0x000000070a800000|  0%| F|  |TAMS 0x000000070a600000| PB 0x000000070a600000| Untracked |  0
|  50|0x000000070a800000, 0x000000070a800000, 0x000000070aa00000|  0%| F|  |TAMS 0x000000070a800000| PB 0x000000070a800000| Untracked |  0
|  51|0x000000070aa00000, 0x000000070aa00000, 0x000000070ac00000|  0%| F|  |TAMS 0x000000070aa00000| PB 0x000000070aa00000| Untracked |  0
|  52|0x000000070ac00000, 0x000000070ac00000, 0x000000070ae00000|  0%| F|  |TAMS 0x000000070ac00000| PB 0x000000070ac00000| Untracked |  0
|  53|0x000000070ae00000, 0x000000070ae00000, 0x000000070b000000|  0%| F|  |TAMS 0x000000070ae00000| PB 0x000000070ae00000| Untracked |  0
|  54|0x000000070b000000, 0x000000070b000000, 0x000000070b200000|  0%| F|  |TAMS 0x000000070b000000| PB 0x000000070b000000| Untracked |  0
|  55|0x000000070b200000, 0x000000070b200000, 0x000000070b400000|  0%| F|  |TAMS 0x000000070b200000| PB 0x000000070b200000| Untracked |  0
|  56|0x000000070b400000, 0x000000070b400000, 0x000000070b600000|  0%| F|  |TAMS 0x000000070b400000| PB 0x000000070b400000| Untracked |  0
|  57|0x000000070b600000, 0x000000070b600000, 0x000000070b800000|  0%| F|  |TAMS 0x000000070b600000| PB 0x000000070b600000| Untracked |  0
|  58|0x000000070b800000, 0x000000070b800000, 0x000000070ba00000|  0%| F|  |TAMS 0x000000070b800000| PB 0x000000070b800000| Untracked |  0
|  59|0x000000070ba00000, 0x000000070ba00000, 0x000000070bc00000|  0%| F|  |TAMS 0x000000070ba00000| PB 0x000000070ba00000| Untracked |  0
|  60|0x000000070bc00000, 0x000000070bc00000, 0x000000070be00000|  0%| F|  |TAMS 0x000000070bc00000| PB 0x000000070bc00000| Untracked |  0
|  61|0x000000070be00000, 0x000000070be00000, 0x000000070c000000|  0%| F|  |TAMS 0x000000070be00000| PB 0x000000070be00000| Untracked |  0
|  62|0x000000070c000000, 0x000000070c000000, 0x000000070c200000|  0%| F|  |TAMS 0x000000070c000000| PB 0x000000070c000000| Untracked |  0
|  63|0x000000070c200000, 0x000000070c200000, 0x000000070c400000|  0%| F|  |TAMS 0x000000070c200000| PB 0x000000070c200000| Untracked |  0
|  64|0x000000070c400000, 0x000000070c400000, 0x000000070c600000|  0%| F|  |TAMS 0x000000070c400000| PB 0x000000070c400000| Untracked |  0
|  65|0x000000070c600000, 0x000000070c600000, 0x000000070c800000|  0%| F|  |TAMS 0x000000070c600000| PB 0x000000070c600000| Untracked |  0
|  66|0x000000070c800000, 0x000000070c800000, 0x000000070ca00000|  0%| F|  |TAMS 0x000000070c800000| PB 0x000000070c800000| Untracked |  0
|  67|0x000000070ca00000, 0x000000070ca00000, 0x000000070cc00000|  0%| F|  |TAMS 0x000000070ca00000| PB 0x000000070ca00000| Untracked |  0
|  68|0x000000070cc00000, 0x000000070cc00000, 0x000000070ce00000|  0%| F|  |TAMS 0x000000070cc00000| PB 0x000000070cc00000| Untracked |  0
|  69|0x000000070ce00000, 0x000000070ce00000, 0x000000070d000000|  0%| F|  |TAMS 0x000000070ce00000| PB 0x000000070ce00000| Untracked |  0
|  70|0x000000070d000000, 0x000000070d000000, 0x000000070d200000|  0%| F|  |TAMS 0x000000070d000000| PB 0x000000070d000000| Untracked |  0
|  71|0x000000070d200000, 0x000000070d200000, 0x000000070d400000|  0%| F|  |TAMS 0x000000070d200000| PB 0x000000070d200000| Untracked |  0
|  72|0x000000070d400000, 0x000000070d400000, 0x000000070d600000|  0%| F|  |TAMS 0x000000070d400000| PB 0x000000070d400000| Untracked |  0
|  73|0x000000070d600000, 0x000000070d600000, 0x000000070d800000|  0%| F|  |TAMS 0x000000070d600000| PB 0x000000070d600000| Untracked |  0
|  74|0x000000070d800000, 0x000000070d800000, 0x000000070da00000|  0%| F|  |TAMS 0x000000070d800000| PB 0x000000070d800000| Untracked |  0
|  75|0x000000070da00000, 0x000000070da00000, 0x000000070dc00000|  0%| F|  |TAMS 0x000000070da00000| PB 0x000000070da00000| Untracked |  0
|  76|0x000000070dc00000, 0x000000070dc00000, 0x000000070de00000|  0%| F|  |TAMS 0x000000070dc00000| PB 0x000000070dc00000| Untracked |  0
|  77|0x000000070de00000, 0x000000070de00000, 0x000000070e000000|  0%| F|  |TAMS 0x000000070de00000| PB 0x000000070de00000| Untracked |  0
|  78|0x000000070e000000, 0x000000070e000000, 0x000000070e200000|  0%| F|  |TAMS 0x000000070e000000| PB 0x000000070e000000| Untracked |  0
|  79|0x000000070e200000, 0x000000070e200000, 0x000000070e400000|  0%| F|  |TAMS 0x000000070e200000| PB 0x000000070e200000| Untracked |  0
|  80|0x000000070e400000, 0x000000070e400000, 0x000000070e600000|  0%| F|  |TAMS 0x000000070e400000| PB 0x000000070e400000| Untracked |  0
|  81|0x000000070e600000, 0x000000070e600000, 0x000000070e800000|  0%| F|  |TAMS 0x000000070e600000| PB 0x000000070e600000| Untracked |  0
|  82|0x000000070e800000, 0x000000070e800000, 0x000000070ea00000|  0%| F|  |TAMS 0x000000070e800000| PB 0x000000070e800000| Untracked |  0
|  83|0x000000070ea00000, 0x000000070ea00000, 0x000000070ec00000|  0%| F|  |TAMS 0x000000070ea00000| PB 0x000000070ea00000| Untracked |  0
|  84|0x000000070ec00000, 0x000000070ec00000, 0x000000070ee00000|  0%| F|  |TAMS 0x000000070ec00000| PB 0x000000070ec00000| Untracked |  0
|  85|0x000000070ee00000, 0x000000070ee00000, 0x000000070f000000|  0%| F|  |TAMS 0x000000070ee00000| PB 0x000000070ee00000| Untracked |  0
|  86|0x000000070f000000, 0x000000070f000000, 0x000000070f200000|  0%| F|  |TAMS 0x000000070f000000| PB 0x000000070f000000| Untracked |  0
|  87|0x000000070f200000, 0x000000070f200000, 0x000000070f400000|  0%| F|  |TAMS 0x000000070f200000| PB 0x000000070f200000| Untracked |  0
|  88|0x000000070f400000, 0x000000070f400000, 0x000000070f600000|  0%| F|  |TAMS 0x000000070f400000| PB 0x000000070f400000| Untracked |  0
|  89|0x000000070f600000, 0x000000070f600000, 0x000000070f800000|  0%| F|  |TAMS 0x000000070f600000| PB 0x000000070f600000| Untracked |  0
|  90|0x000000070f800000, 0x000000070f800000, 0x000000070fa00000|  0%| F|  |TAMS 0x000000070f800000| PB 0x000000070f800000| Untracked |  0
|  91|0x000000070fa00000, 0x000000070fa00000, 0x000000070fc00000|  0%| F|  |TAMS 0x000000070fa00000| PB 0x000000070fa00000| Untracked |  0
|  92|0x000000070fc00000, 0x000000070fc00000, 0x000000070fe00000|  0%| F|  |TAMS 0x000000070fc00000| PB 0x000000070fc00000| Untracked |  0
|  93|0x000000070fe00000, 0x000000070fe00000, 0x0000000710000000|  0%| F|  |TAMS 0x000000070fe00000| PB 0x000000070fe00000| Untracked |  0
|  94|0x0000000710000000, 0x0000000710000000, 0x0000000710200000|  0%| F|  |TAMS 0x0000000710000000| PB 0x0000000710000000| Untracked |  0
|  95|0x0000000710200000, 0x0000000710200000, 0x0000000710400000|  0%| F|  |TAMS 0x0000000710200000| PB 0x0000000710200000| Untracked |  0
|  96|0x0000000710400000, 0x0000000710400000, 0x0000000710600000|  0%| F|  |TAMS 0x0000000710400000| PB 0x0000000710400000| Untracked |  0
|  97|0x0000000710600000, 0x0000000710600000, 0x0000000710800000|  0%| F|  |TAMS 0x0000000710600000| PB 0x0000000710600000| Untracked |  0
|  98|0x0000000710800000, 0x0000000710800000, 0x0000000710a00000|  0%| F|  |TAMS 0x0000000710800000| PB 0x0000000710800000| Untracked |  0
|  99|0x0000000710a00000, 0x0000000710c00000, 0x0000000710c00000|100%| S|CS|TAMS 0x0000000710a00000| PB 0x0000000710a00000| Complete |  0
| 100|0x0000000710c00000, 0x0000000710e00000, 0x0000000710e00000|100%| S|CS|TAMS 0x0000000710c00000| PB 0x0000000710c00000| Complete |  0
| 101|0x0000000710e00000, 0x0000000711000000, 0x0000000711000000|100%| S|CS|TAMS 0x0000000710e00000| PB 0x0000000710e00000| Complete |  0
| 102|0x0000000711000000, 0x0000000711000000, 0x0000000711200000|  0%| F|  |TAMS 0x0000000711000000| PB 0x0000000711000000| Untracked |  0
| 103|0x0000000711200000, 0x0000000711200000, 0x0000000711400000|  0%| F|  |TAMS 0x0000000711200000| PB 0x0000000711200000| Untracked |  0
| 104|0x0000000711400000, 0x0000000711400000, 0x0000000711600000|  0%| F|  |TAMS 0x0000000711400000| PB 0x0000000711400000| Untracked |  0
| 105|0x0000000711600000, 0x0000000711600000, 0x0000000711800000|  0%| F|  |TAMS 0x0000000711600000| PB 0x0000000711600000| Untracked |  0
| 106|0x0000000711800000, 0x0000000711800000, 0x0000000711a00000|  0%| F|  |TAMS 0x0000000711800000| PB 0x0000000711800000| Untracked |  0
| 107|0x0000000711a00000, 0x0000000711a00000, 0x0000000711c00000|  0%| F|  |TAMS 0x0000000711a00000| PB 0x0000000711a00000| Untracked |  0
| 108|0x0000000711c00000, 0x0000000711c00000, 0x0000000711e00000|  0%| F|  |TAMS 0x0000000711c00000| PB 0x0000000711c00000| Untracked |  0
| 109|0x0000000711e00000, 0x0000000711e00000, 0x0000000712000000|  0%| F|  |TAMS 0x0000000711e00000| PB 0x0000000711e00000| Untracked |  0
| 110|0x0000000712000000, 0x0000000712000000, 0x0000000712200000|  0%| F|  |TAMS 0x0000000712000000| PB 0x0000000712000000| Untracked |  0
| 111|0x0000000712200000, 0x0000000712200000, 0x0000000712400000|  0%| F|  |TAMS 0x0000000712200000| PB 0x0000000712200000| Untracked |  0
| 112|0x0000000712400000, 0x0000000712400000, 0x0000000712600000|  0%| F|  |TAMS 0x0000000712400000| PB 0x0000000712400000| Untracked |  0
| 113|0x0000000712600000, 0x0000000712600000, 0x0000000712800000|  0%| F|  |TAMS 0x0000000712600000| PB 0x0000000712600000| Untracked |  0
| 114|0x0000000712800000, 0x0000000712800000, 0x0000000712a00000|  0%| F|  |TAMS 0x0000000712800000| PB 0x0000000712800000| Untracked |  0
| 115|0x0000000712a00000, 0x0000000712a00000, 0x0000000712c00000|  0%| F|  |TAMS 0x0000000712a00000| PB 0x0000000712a00000| Untracked |  0
| 116|0x0000000712c00000, 0x0000000712c00000, 0x0000000712e00000|  0%| F|  |TAMS 0x0000000712c00000| PB 0x0000000712c00000| Untracked |  0
| 117|0x0000000712e00000, 0x0000000712ecfbf0, 0x0000000713000000| 40%| E|  |TAMS 0x0000000712e00000| PB 0x0000000712e00000| Complete |  0
| 118|0x0000000713000000, 0x0000000713200000, 0x0000000713200000|100%| E|CS|TAMS 0x0000000713000000| PB 0x0000000713000000| Complete |  0
| 119|0x0000000713200000, 0x0000000713400000, 0x0000000713400000|100%| E|CS|TAMS 0x0000000713200000| PB 0x0000000713200000| Complete |  0
| 120|0x0000000713400000, 0x0000000713600000, 0x0000000713600000|100%| E|CS|TAMS 0x0000000713400000| PB 0x0000000713400000| Complete |  0
| 121|0x0000000713600000, 0x0000000713800000, 0x0000000713800000|100%| E|CS|TAMS 0x0000000713600000| PB 0x0000000713600000| Complete |  0
| 122|0x0000000713800000, 0x0000000713a00000, 0x0000000713a00000|100%| E|CS|TAMS 0x0000000713800000| PB 0x0000000713800000| Complete |  0
| 123|0x0000000713a00000, 0x0000000713c00000, 0x0000000713c00000|100%| E|CS|TAMS 0x0000000713a00000| PB 0x0000000713a00000| Complete |  0
| 124|0x0000000713c00000, 0x0000000713e00000, 0x0000000713e00000|100%| E|CS|TAMS 0x0000000713c00000| PB 0x0000000713c00000| Complete |  0
| 125|0x0000000713e00000, 0x0000000714000000, 0x0000000714000000|100%| E|CS|TAMS 0x0000000713e00000| PB 0x0000000713e00000| Complete |  0
|2013|0x00000007ffe00000, 0x00000007fff257b8, 0x0000000800000000| 57%| O|  |TAMS 0x00000007ffe00000| PB 0x00000007ffe00000| Untracked |  0

Card table byte_map: [0x000002765a3e0000,0x000002765abc0000] _byte_map_base: 0x0000027656bbe000

Marking Bits: (CMBitMap*) 0x000002764209aad0
 Bits: [0x000002765abc0000, 0x000002765eab0000)

Polling page: 0x0000027640270000

Metaspace:
Metaspace        used 11701K, committed 11904K, reserved 1114112K
 class space     used 1530K, committed 1600K, reserved 1048576K

Usage:
  Non-class:      9.93 MB used.
      Class:      1.49 MB used.
       Both:     11.43 MB used.

Virtual space:
  Non-class space:       64.00 MB reserved,      10.06 MB ( 16%) committed,  1 nodes.
      Class space:        1.00 GB reserved,       1.56 MB ( <1%) committed,  1 nodes.
             Both:        1.06 GB reserved,      11.62 MB (  1%) committed. 

Chunk freelists:
   Non-Class:  5.88 MB
       Class:  14.45 MB
        Both:  20.33 MB

MaxMetaspaceSize: unlimited
CompressedClassSpaceSize: 1.00 GB
Initial GC threshold: 21.00 MB
Current GC threshold: 21.00 MB
CDS: on
 - commit_granule_bytes: 65536.
 - commit_granule_words: 8192.
 - virtual_space_node_default_size: 8388608.
 - enlarge_chunks_in_place: 1.
UseCompressedClassPointers 1, UseCompactObjectHeaders 0
Narrow klass pointer bits 32, Max shift 3
Narrow klass base: 0x0000000014000000, Narrow klass shift: 0
Encoding Range: [0x0000000014000000 - 0x0000000114000000), (4294967296 bytes)
Klass Range:    [0x0000000014010000 - 0x0000000055000000), (1090453504 bytes)
Klass ID Range:  [65536 - 1090519033) (1090453497)
Protection zone: [0x0000000014000000 - 0x0000000014010000), (65536 bytes)


Internal statistics:

num_allocs_failed_limit: 0.
num_arena_births: 170.
num_arena_deaths: 0.
num_vsnodes_births: 2.
num_vsnodes_deaths: 0.
num_space_committed: 186.
num_space_uncommitted: 0.
num_chunks_returned_to_freelist: 0.
num_chunks_taken_from_freelist: 580.
num_chunk_merges: 0.
num_chunk_splits: 345.
num_chunks_enlarged: 245.
num_inconsistent_stats: 0.

CodeHeap 'non-profiled nmethods': size=120064Kb used=727Kb max_used=727Kb free=119336Kb
 bounds [0x0000027652390000, 0x0000027652600000, 0x00000276598d0000]
CodeHeap 'profiled nmethods': size=120000Kb used=3654Kb max_used=3654Kb free=116345Kb
 bounds [0x000002764a8d0000, 0x000002764ac70000, 0x0000027651e00000]
CodeHeap 'non-nmethods': size=5696Kb used=1505Kb max_used=1533Kb free=4190Kb
 bounds [0x0000027651e00000, 0x0000027652070000, 0x0000027652390000]
CodeCache: size=245760Kb, used=5886Kb, max_used=5914Kb, free=239871Kb
 total_blobs=2764, nmethods=2250, adapters=417, full_count=0
Compilation: enabled, stopped_count=0, restarted_count=0

Compilation events (20 events):
Event: 1.946 Thread 0x00000276614d0a00 2184       3       java.nio.Buffer::<init> (105 bytes)
Event: 1.947 Thread 0x00000276614d0a00 nmethod 2184 0x000002764ac38c88 code [0x000002764ac38d80, 0x000002764ac39c58]
Event: 1.949 Thread 0x00000276614d0a00 2186       3       jdk.internal.classfile.impl.AbstractPoolEntry$NameAndTypeEntryImpl::name (8 bytes)
Event: 1.949 Thread 0x00000276614d0a00 nmethod 2186 0x000002764ac39c88 code [0x000002764ac39d80, 0x000002764ac39f78]
Event: 1.950 Thread 0x00000276614d0a00 2191       3       java.lang.invoke.LambdaForm::normalizeNames (233 bytes)
Event: 1.950 Thread 0x00000276614cd9a0 2192       4       java.util.ImmutableCollections$SetN::probe (56 bytes)
Event: 1.951 Thread 0x00000276614d0a00 nmethod 2191 0x000002764ac39f88 code [0x000002764ac3a080, 0x000002764ac3b0e0]
Event: 1.951 Thread 0x00000276614d0a00 2195       3       java.lang.invoke.LambdaForm::returnType (26 bytes)
Event: 1.951 Thread 0x00000276614d0a00 nmethod 2195 0x000002764ac3b108 code [0x000002764ac3b200, 0x000002764ac3b3a8]
Event: 1.951 Thread 0x00000276614d0a00 2198       3       java.lang.classfile.CodeBuilder::loadConstant (172 bytes)
Event: 1.952 Thread 0x00000276614d0a00 nmethod 2198 0x000002764ac3b408 code [0x000002764ac3b500, 0x000002764ac3d058]
Event: 1.955 Thread 0x00000276614d0a00 2201       1       java.lang.classfile.Opcode::kind (5 bytes)
Event: 1.955 Thread 0x00000276614d0a00 nmethod 2201 0x0000027652443f88 code [0x0000027652444080, 0x0000027652444148]
Event: 1.956 Thread 0x00000276614cd9a0 nmethod 2192 0x0000027652444288 code [0x0000027652444380, 0x00000276524447e8]
Event: 1.960 Thread 0x00000276614d0a00 2202       3       org.springframework.util.ObjectUtils::nullSafeEquals (55 bytes)
Event: 1.960 Thread 0x00000276614d0a00 nmethod 2202 0x000002764ac3d088 code [0x000002764ac3d180, 0x000002764ac3d8e8]
Event: 1.962 Thread 0x00000276614d0a00 2203       3       java.nio.ByteBuffer::position (6 bytes)
Event: 1.963 Thread 0x00000276614d0a00 nmethod 2203 0x000002764ac3d908 code [0x000002764ac3da00, 0x000002764ac3dbc8]
Event: 2.268 Thread 0x00000276614d0a00 2204       3       java.nio.ByteBuffer::limit (8 bytes)
Event: 2.268 Thread 0x00000276614d0a00 nmethod 2204 0x000002764ac3dc08 code [0x000002764ac3dd00, 0x000002764ac3de50]

GC Heap Usage History (2 events):
Event: 1.719 {heap Before GC invocations=0 (full 0):
 garbage-first heap   total reserved 4124672K, committed 260096K, used 50325K [0x0000000704400000, 0x0000000800000000)
  region size 2048K, 24 young (49152K), 0 survivors (0K)
}
Event: 1.724 {heap After GC invocations=1 (full 0):
 garbage-first heap   total reserved 4124672K, committed 260096K, used 12681K [0x0000000704400000, 0x0000000800000000)
  region size 2048K, 3 young (6144K), 3 survivors (6144K)
}

Metaspace Usage History (2 events):
Event: 1.719 {metaspace Before GC invocations=0 (full 0):
 Metaspace       used 7518K, committed 7808K, reserved 1114112K
  class space    used 964K, committed 1088K, reserved 1048576K
}
Event: 1.724 {metaspace After GC invocations=1 (full 0):
 Metaspace       used 7518K, committed 7808K, reserved 1114112K
  class space    used 964K, committed 1088K, reserved 1048576K
}

Dll operation events (7 events):
Event: 0.007 Loaded shared library D:\Downloads\jdk-25_windows-x64_bin\jdk-25.0.3\bin\java.dll
Event: 1.066 Loaded shared library D:\Downloads\jdk-25_windows-x64_bin\jdk-25.0.3\bin\net.dll
Event: 1.068 Loaded shared library D:\Downloads\jdk-25_windows-x64_bin\jdk-25.0.3\bin\nio.dll
Event: 1.070 Loaded shared library D:\Downloads\jdk-25_windows-x64_bin\jdk-25.0.3\bin\zip.dll
Event: 1.113 Loaded shared library D:\Downloads\jdk-25_windows-x64_bin\jdk-25.0.3\bin\management.dll
Event: 1.114 Loaded shared library D:\Downloads\jdk-25_windows-x64_bin\jdk-25.0.3\bin\management_ext.dll
Event: 1.126 Loaded shared library D:\Downloads\jdk-25_windows-x64_bin\jdk-25.0.3\bin\jimage.dll

Deoptimization events (20 events):
Event: 1.921 Thread 0x000002763fcef940 Uncommon trap: trap_request=0xffffff45 fr.pc=0x00000276523c55a8 relative=0x0000000000000628
Event: 1.921 Thread 0x000002763fcef940 Uncommon trap: reason=unstable_if action=reinterpret pc=0x00000276523c55a8 method=java.util.zip.ZipCoder.hash(Ljava/lang/String;)I @ 23 c2
Event: 1.921 Thread 0x000002763fcef940 DEOPT PACKING pc=0x00000276523c55a8 sp=0x0000009f6f6fc0e0
Event: 1.921 Thread 0x000002763fcef940 DEOPT UNPACKING pc=0x0000027651f31702 sp=0x0000009f6f6fc010 mode 2
Event: 1.921 Thread 0x000002763fcef940 Uncommon trap: trap_request=0xffffff45 fr.pc=0x00000276523c4440 relative=0x0000000000000340
Event: 1.921 Thread 0x000002763fcef940 Uncommon trap: reason=unstable_if action=reinterpret pc=0x00000276523c4440 method=java.util.zip.ZipCoder.hash(Ljava/lang/String;)I @ 23 c2
Event: 1.921 Thread 0x000002763fcef940 DEOPT PACKING pc=0x00000276523c4440 sp=0x0000009f6f6fc080
Event: 1.921 Thread 0x000002763fcef940 DEOPT UNPACKING pc=0x0000027651f31702 sp=0x0000009f6f6fc018 mode 2
Event: 1.921 Thread 0x000002763fcef940 Uncommon trap: trap_request=0xffffff45 fr.pc=0x00000276523fac4c relative=0x00000000000014cc
Event: 1.921 Thread 0x000002763fcef940 Uncommon trap: reason=unstable_if action=reinterpret pc=0x00000276523fac4c method=java.io.WinNTFileSystem.normalize(Ljava/lang/String;)Ljava/lang/String; @ 133 c2
Event: 1.921 Thread 0x000002763fcef940 DEOPT PACKING pc=0x00000276523fac4c sp=0x0000009f6f6fbf90
Event: 1.921 Thread 0x000002763fcef940 DEOPT UNPACKING pc=0x0000027651f31702 sp=0x0000009f6f6fbf58 mode 2
Event: 1.922 Thread 0x000002763fcef940 Uncommon trap: trap_request=0xffffff45 fr.pc=0x0000027652428b44 relative=0x0000000000000744
Event: 1.922 Thread 0x000002763fcef940 Uncommon trap: reason=unstable_if action=reinterpret pc=0x0000027652428b44 method=java.util.zip.ZipCoder.hash(Ljava/lang/String;)I @ 23 c2
Event: 1.922 Thread 0x000002763fcef940 DEOPT PACKING pc=0x0000027652428b44 sp=0x0000009f6f6fc0e0
Event: 1.922 Thread 0x000002763fcef940 DEOPT UNPACKING pc=0x0000027651f31702 sp=0x0000009f6f6fc010 mode 2
Event: 1.922 Thread 0x000002763fcef940 Uncommon trap: trap_request=0xffffff45 fr.pc=0x00000276523a8dcc relative=0x000000000000004c
Event: 1.922 Thread 0x000002763fcef940 Uncommon trap: reason=unstable_if action=reinterpret pc=0x00000276523a8dcc method=sun.nio.fs.WindowsPathParser.isSlash(C)Z @ 9 c2
Event: 1.922 Thread 0x000002763fcef940 DEOPT PACKING pc=0x00000276523a8dcc sp=0x0000009f6f6fc2c0
Event: 1.922 Thread 0x000002763fcef940 DEOPT UNPACKING pc=0x0000027651f31702 sp=0x0000009f6f6fc248 mode 2

Classes loaded (20 events):
Event: 1.955 Loading class java/lang/classfile/instruction/ReturnInstruction
Event: 1.955 Loading class java/lang/classfile/instruction/ReturnInstruction done
Event: 1.955 Loading class jdk/internal/classfile/impl/AbstractInstruction$UnboundReturnInstruction
Event: 1.955 Loading class jdk/internal/classfile/impl/AbstractInstruction$UnboundReturnInstruction done
Event: 1.955 Loading class java/lang/classfile/instruction/ThrowInstruction
Event: 1.955 Loading class java/lang/classfile/instruction/ThrowInstruction done
Event: 1.955 Loading class jdk/internal/classfile/impl/AbstractInstruction$UnboundThrowInstruction
Event: 1.955 Loading class jdk/internal/classfile/impl/AbstractInstruction$UnboundThrowInstruction done
Event: 1.955 Loading class java/lang/classfile/instruction/MonitorInstruction
Event: 1.955 Loading class java/lang/classfile/instruction/MonitorInstruction done
Event: 1.955 Loading class jdk/internal/classfile/impl/AbstractInstruction$UnboundMonitorInstruction
Event: 1.955 Loading class jdk/internal/classfile/impl/AbstractInstruction$UnboundMonitorInstruction done
Event: 1.957 Loading class java/lang/MatchException
Event: 1.957 Loading class java/lang/MatchException done
Event: 1.963 Loading class jdk/internal/classfile/impl/AbstractAttributeMapper$MethodParametersMapper
Event: 1.963 Loading class jdk/internal/classfile/impl/AbstractAttributeMapper$MethodParametersMapper done
Event: 1.963 Loading class jdk/internal/classfile/impl/BoundAttribute$BoundMethodParametersAttribute
Event: 1.963 Loading class java/lang/classfile/attribute/MethodParametersAttribute
Event: 1.963 Loading class java/lang/classfile/attribute/MethodParametersAttribute done
Event: 1.963 Loading class jdk/internal/classfile/impl/BoundAttribute$BoundMethodParametersAttribute done

Classes unloaded (0 events):
No events

Classes redefined (0 events):
No events

Internal exceptions (20 events):
Event: 1.682 Thread 0x000002763fcef940 Exception <a 'java/lang/NoSuchMethodError'{0x00000007112a5730}: 'java.lang.Object java.lang.invoke.DirectMethodHandle$Holder.invokeSpecial(java.lang.Object, java.lang.Object, int, java.lang.Object, int)'> (0x00000007112a5730) 
thrown [s\open\src\hotspot\share\interpreter\linkResolver.cpp, line 804]
Event: 1.683 Thread 0x000002763fcef940 Exception <a 'java/lang/NoSuchMethodError'{0x00000007112bbf18}: 'java.lang.Object java.lang.invoke.DelegatingMethodHandle$Holder.reinvoke_L(java.lang.Object, java.lang.Object, int, java.lang.Object, int)'> (0x00000007112bbf18) 
thrown [s\open\src\hotspot\share\interpreter\linkResolver.cpp, line 804]
Event: 1.710 Thread 0x000002763fcef940 Exception <a 'java/lang/NoSuchMethodError'{0x000000071112d4b0}: 'java.lang.Object java.lang.invoke.DirectMethodHandle$Holder.newInvokeSpecial(java.lang.Object, java.lang.Object, int)'> (0x000000071112d4b0) 
thrown [s\open\src\hotspot\share\interpreter\linkResolver.cpp, line 804]
Event: 1.754 Thread 0x000002763fcef940 Exception <a 'java/lang/NoSuchMethodError'{0x0000000713fb4680}: 'int java.lang.invoke.DirectMethodHandle$Holder.invokeStatic(java.lang.Object)'> (0x0000000713fb4680) 
thrown [s\open\src\hotspot\share\interpreter\linkResolver.cpp, line 804]
Event: 1.754 Thread 0x000002763fcef940 Exception <a 'java/lang/NoSuchMethodError'{0x0000000713fbc8d0}: 'int java.lang.invoke.DirectMethodHandle$Holder.invokeStaticInit(java.lang.Object)'> (0x0000000713fbc8d0) 
thrown [s\open\src\hotspot\share\interpreter\linkResolver.cpp, line 804]
Event: 1.759 Thread 0x000002763fcef940 Exception <a 'java/lang/NoSuchMethodError'{0x0000000713c1f6a8}: 'java.lang.Object java.lang.invoke.DirectMethodHandle$Holder.invokeStatic(java.lang.Object, int, java.lang.Object)'> (0x0000000713c1f6a8) 
thrown [s\open\src\hotspot\share\interpreter\linkResolver.cpp, line 804]
Event: 1.768 Thread 0x000002763fcef940 Exception <a 'java/lang/NoSuchMethodError'{0x0000000713caead0}: 'void java.lang.invoke.DirectMethodHandle$Holder.invokeStaticInit(java.lang.Object, java.lang.Object, java.lang.Object, java.lang.Object)'> (0x0000000713caead0) 
thrown [s\open\src\hotspot\share\interpreter\linkResolver.cpp, line 804]
Event: 1.786 Thread 0x000002763fcef940 Exception <a 'java/lang/NoSuchMethodError'{0x0000000713a53210}: 'java.lang.Object java.lang.invoke.DelegatingMethodHandle$Holder.reinvoke_L(java.lang.Object, java.lang.Object, java.lang.Object, long, java.lang.Object)'> (0x0000000713a53210) 
thrown [s\open\src\hotspot\share\interpreter\linkResolver.cpp, line 804]
Event: 1.787 Thread 0x000002763fcef940 Exception <a 'java/lang/NoSuchMethodError'{0x0000000713a63dc8}: 'java.lang.Object java.lang.invoke.Invokers$Holder.linkToTargetMethod(java.lang.Object, long, java.lang.Object, java.lang.Object)'> (0x0000000713a63dc8) 
thrown [s\open\src\hotspot\share\interpreter\linkResolver.cpp, line 804]
Event: 1.797 Thread 0x000002763fcef940 Implicit null exception at 0x0000027652425539 to 0x0000027652425be0
Event: 1.797 Thread 0x000002763fcef940 Implicit null exception at 0x00000276523e8f1d to 0x00000276523e8f95
Event: 1.824 Thread 0x000002763fcef940 Exception <a 'java/lang/NoSuchMethodError'{0x000000071385fdc8}: 'java.lang.Object java.lang.invoke.DirectMethodHandle$Holder.newInvokeSpecial(java.lang.Object, java.lang.Object, java.lang.Object, int, java.lang.Object, int)'> (0x000000071385fdc8) 
thrown [s\open\src\hotspot\share\interpreter\linkResolver.cpp, line 804]
Event: 1.839 Thread 0x000002763fcef940 Exception <a 'java/lang/IncompatibleClassChangeError'{0x000000071395f648}: Found class java.lang.Object, but interface was expected> (0x000000071395f648) 
thrown [s\open\src\hotspot\share\interpreter\linkResolver.cpp, line 871]
Event: 1.853 Thread 0x000002763fcef940 Implicit null exception at 0x000002765242ddec to 0x000002765242e838
Event: 1.856 Thread 0x000002763fcef940 Exception <a 'java/lang/NoSuchMethodError'{0x00000007136ca240}: 'int java.lang.invoke.DirectMethodHandle$Holder.invokeInterface(java.lang.Object, java.lang.Object)'> (0x00000007136ca240) 
thrown [s\open\src\hotspot\share\interpreter\linkResolver.cpp, line 804]
Event: 1.869 Thread 0x000002763fcef940 Exception <a 'java/lang/NoSuchMethodError'{0x000000071379d760}: 'void java.lang.invoke.DirectMethodHandle$Holder.invokeStaticInit(java.lang.Object, java.lang.Object)'> (0x000000071379d760) 
thrown [s\open\src\hotspot\share\interpreter\linkResolver.cpp, line 804]
Event: 1.881 Thread 0x000002763fcef940 Exception <a 'java/lang/NoSuchMethodError'{0x00000007134657d0}: 'int java.lang.invoke.DirectMethodHandle$Holder.invokeVirtual(java.lang.Object, java.lang.Object, java.lang.Object)'> (0x00000007134657d0) 
thrown [s\open\src\hotspot\share\interpreter\linkResolver.cpp, line 804]
Event: 1.923 Thread 0x000002763fcef940 Exception <a 'java/lang/NoSuchMethodError'{0x00000007133219d0}: 'int java.lang.invoke.DirectMethodHandle$Holder.invokeSpecial(java.lang.Object, java.lang.Object, java.lang.Object, java.lang.Object, java.lang.Object)'> (0x00000007133219d0) 
thrown [s\open\src\hotspot\share\interpreter\linkResolver.cpp, line 804]
Event: 1.925 Thread 0x000002763fcef940 Exception <a 'java/lang/NoSuchMethodError'{0x0000000713334030}: 'void java.lang.invoke.DirectMethodHandle$Holder.invokeVirtual(java.lang.Object, java.lang.Object)'> (0x0000000713334030) 
thrown [s\open\src\hotspot\share\interpreter\linkResolver.cpp, line 804]
Event: 1.949 Thread 0x000002763fcef940 Exception <a 'java/lang/NoSuchMethodError'{0x0000000713006800}: 'void java.lang.invoke.DirectMethodHandle$Holder.invokeStatic(java.lang.Object, java.lang.Object, java.lang.Object, java.lang.Object, java.lang.Object, java.lang.Object)'> (0x0000000713006800) 
thrown [s\open\src\hotspot\share\interpreter\linkResolver.cpp, line 804]

VM Operations (20 events):
Event: 1.388 Executing non-safepoint VM operation: HandshakeAllThreads (Deoptimize)
Event: 1.388 Executing non-safepoint VM operation: HandshakeAllThreads (Deoptimize) done
Event: 1.388 Executing non-safepoint VM operation: HandshakeAllThreads (Deoptimize)
Event: 1.388 Executing non-safepoint VM operation: HandshakeAllThreads (Deoptimize) done
Event: 1.412 Executing non-safepoint VM operation: HandshakeAllThreads (Deoptimize)
Event: 1.412 Executing non-safepoint VM operation: HandshakeAllThreads (Deoptimize) done
Event: 1.719 Executing safepoint VM operation: G1CollectForAllocation (G1 Evacuation Pause)
Event: 1.724 Executing safepoint VM operation: G1CollectForAllocation (G1 Evacuation Pause) done
Event: 1.747 Executing non-safepoint VM operation: HandshakeAllThreads (Deoptimize)
Event: 1.747 Executing non-safepoint VM operation: HandshakeAllThreads (Deoptimize) done
Event: 1.772 Executing non-safepoint VM operation: HandshakeAllThreads (Deoptimize)
Event: 1.772 Executing non-safepoint VM operation: HandshakeAllThreads (Deoptimize) done
Event: 1.858 Executing non-safepoint VM operation: HandshakeAllThreads (Deoptimize)
Event: 1.858 Executing non-safepoint VM operation: HandshakeAllThreads (Deoptimize) done
Event: 1.946 Executing non-safepoint VM operation: HandshakeAllThreads (Deoptimize)
Event: 1.947 Executing non-safepoint VM operation: HandshakeAllThreads (Deoptimize) done
Event: 1.949 Executing non-safepoint VM operation: HandshakeAllThreads (Deoptimize)
Event: 1.949 Executing non-safepoint VM operation: HandshakeAllThreads (Deoptimize) done
Event: 1.954 Executing non-safepoint VM operation: HandshakeAllThreads (Deoptimize)
Event: 1.954 Executing non-safepoint VM operation: HandshakeAllThreads (Deoptimize) done

Memory protections (0 events):
No events

Nmethod flushes (0 events):
No events

Events (15 events):
Event: 1.054 Thread 0x000002763fcef940 Thread added: 0x000002763fcef940
Event: 1.062 Thread 0x000002763fcef940 Thread added: 0x00000276614bcb80
Event: 1.062 Thread 0x000002763fcef940 Thread added: 0x00000276614bd5e0
Event: 1.062 Thread 0x000002763fcef940 Thread added: 0x00000276614c15c0
Event: 1.062 Thread 0x000002763fcef940 Thread added: 0x00000276614c2180
Event: 1.062 Thread 0x000002763fcef940 Thread added: 0x00000276614c2d40
Event: 1.062 Thread 0x000002763fcef940 Thread added: 0x00000276614c60b0
Event: 1.062 Thread 0x000002763fcef940 Thread added: 0x00000276614c76e0
Event: 1.062 Thread 0x000002763fcef940 Thread added: 0x00000276614d0a00
Event: 1.064 Thread 0x000002763fcef940 Thread added: 0x00000276615beef0
Event: 1.065 Thread 0x000002763fcef940 Thread added: 0x00000276615c3eb0
Event: 1.082 Thread 0x00000276614d0a00 Thread added: 0x00000276614ce9c0
Event: 1.257 Thread 0x000002763fcef940 Thread added: 0x00000276660fee30
Event: 1.265 Thread 0x000002763fcef940 Thread added: 0x000002766621b330
Event: 1.446 Thread 0x00000276614d0a00 Thread added: 0x00000276614cd9a0


Dynamic libraries:
0x00007ff6dbb70000 - 0x00007ff6dbb80000 	D:\Downloads\jdk-25_windows-x64_bin\jdk-25.0.3\bin\java.exe
0x00007ff936de0000 - 0x00007ff937047000 	C:\WINDOWS\SYSTEM32\ntdll.dll
0x00007ff9369c0000 - 0x00007ff936a89000 	C:\WINDOWS\System32\KERNEL32.DLL
0x00007ff934280000 - 0x00007ff934674000 	C:\WINDOWS\System32\KERNELBASE.dll
0x00007ff934680000 - 0x00007ff9347cb000 	C:\WINDOWS\System32\ucrtbase.dll
0x00007ff923d60000 - 0x00007ff923d7e000 	D:\Downloads\jdk-25_windows-x64_bin\jdk-25.0.3\bin\VCRUNTIME140.dll
0x00007ff902640000 - 0x00007ff902657000 	D:\Downloads\jdk-25_windows-x64_bin\jdk-25.0.3\bin\jli.dll
0x00007ff935ab0000 - 0x00007ff935c75000 	C:\WINDOWS\System32\USER32.dll
0x00007ff933890000 - 0x00007ff9338b7000 	C:\WINDOWS\System32\win32u.dll
0x00007ff935440000 - 0x00007ff93546b000 	C:\WINDOWS\System32\GDI32.dll
0x00007ff924a40000 - 0x00007ff924cd3000 	C:\WINDOWS\WinSxS\amd64_microsoft.windows.common-controls_6595b64144ccf1df_6.0.26100.8115_none_3e075c82e3354f9c\COMCTL32.dll
0x00007ff936910000 - 0x00007ff9369b9000 	C:\WINDOWS\System32\msvcrt.dll
0x00007ff933760000 - 0x00007ff93388b000 	C:\WINDOWS\System32\gdi32full.dll
0x00007ff9336b0000 - 0x00007ff933753000 	C:\WINDOWS\System32\msvcp_win.dll
0x00007ff9368d0000 - 0x00007ff936902000 	C:\WINDOWS\System32\IMM32.DLL
0x00007ff92ad70000 - 0x00007ff92ad7c000 	D:\Downloads\jdk-25_windows-x64_bin\jdk-25.0.3\bin\vcruntime140_1.dll
0x00007ff8bd790000 - 0x00007ff8bd81d000 	D:\Downloads\jdk-25_windows-x64_bin\jdk-25.0.3\bin\msvcp140.dll
0x00007ff861340000 - 0x00007ff8621a0000 	D:\Downloads\jdk-25_windows-x64_bin\jdk-25.0.3\bin\server\jvm.dll
0x00007ff9354d0000 - 0x00007ff935586000 	C:\WINDOWS\System32\ADVAPI32.dll
0x00007ff935f10000 - 0x00007ff935fb7000 	C:\WINDOWS\System32\sechost.dll
0x00007ff935df0000 - 0x00007ff935f08000 	C:\WINDOWS\System32\RPCRT4.dll
0x00007ff9367e0000 - 0x00007ff936860000 	C:\WINDOWS\System32\WS2_32.dll
0x00007ff933510000 - 0x00007ff93356e000 	C:\WINDOWS\SYSTEM32\POWRPROF.dll
0x00007ff92d670000 - 0x00007ff92d67b000 	C:\WINDOWS\SYSTEM32\VERSION.dll
0x00007ff926770000 - 0x00007ff9267a6000 	C:\WINDOWS\SYSTEM32\WINMM.dll
0x00007ff9334f0000 - 0x00007ff933504000 	C:\WINDOWS\SYSTEM32\UMPDC.dll
0x00007ff932420000 - 0x00007ff93243b000 	C:\WINDOWS\SYSTEM32\kernel.appcore.dll
0x00007ff925650000 - 0x00007ff92565a000 	D:\Downloads\jdk-25_windows-x64_bin\jdk-25.0.3\bin\jimage.dll
0x00007ff931250000 - 0x00007ff931492000 	C:\WINDOWS\SYSTEM32\DBGHELP.DLL
0x00007ff935720000 - 0x00007ff935aa2000 	C:\WINDOWS\System32\combase.dll
0x00007ff935fc0000 - 0x00007ff936098000 	C:\WINDOWS\System32\OLEAUT32.dll
0x00007ff904400000 - 0x00007ff90443b000 	C:\WINDOWS\SYSTEM32\dbgcore.DLL
0x00007ff9347d0000 - 0x00007ff934875000 	C:\WINDOWS\System32\bcryptPrimitives.dll
0x00007ff921a60000 - 0x00007ff921a7f000 	D:\Downloads\jdk-25_windows-x64_bin\jdk-25.0.3\bin\java.dll
0x00007ff936b00000 - 0x00007ff936c97000 	C:\WINDOWS\System32\ole32.dll
0x00007ff934cd0000 - 0x00007ff935437000 	C:\WINDOWS\System32\SHELL32.dll
0x00007ff934880000 - 0x00007ff9349ea000 	C:\WINDOWS\System32\wintypes.dll
0x00007ff933a10000 - 0x00007ff934278000 	C:\WINDOWS\System32\windows.storage.dll
0x00007ff936ca0000 - 0x00007ff936d98000 	C:\WINDOWS\System32\SHCORE.dll
0x00007ff936a90000 - 0x00007ff936af6000 	C:\WINDOWS\System32\shlwapi.dll
0x00007ff9335d0000 - 0x00007ff9335f9000 	C:\WINDOWS\SYSTEM32\profapi.dll
0x00007ff917fe0000 - 0x00007ff917ff2000 	D:\Downloads\jdk-25_windows-x64_bin\jdk-25.0.3\bin\net.dll
0x00007ff9329b0000 - 0x00007ff932a1c000 	C:\WINDOWS\system32\mswsock.dll
0x00007ff90c490000 - 0x00007ff90c4a6000 	D:\Downloads\jdk-25_windows-x64_bin\jdk-25.0.3\bin\nio.dll
0x00007ff90a8a0000 - 0x00007ff90a8b7000 	D:\Downloads\jdk-25_windows-x64_bin\jdk-25.0.3\bin\zip.dll
0x00007ff8fea20000 - 0x00007ff8fea2a000 	D:\Downloads\jdk-25_windows-x64_bin\jdk-25.0.3\bin\management.dll
0x00007ff8fe970000 - 0x00007ff8fe97c000 	D:\Downloads\jdk-25_windows-x64_bin\jdk-25.0.3\bin\management_ext.dll
0x00007ff935590000 - 0x00007ff935598000 	C:\WINDOWS\System32\PSAPI.DLL

JVMTI agents: none

dbghelp: loaded successfully - version: 4.0.5 - missing functions: none
symbol engine: initialized successfully - sym options: 0x614 - pdb path: .;D:\Downloads\jdk-25_windows-x64_bin\jdk-25.0.3\bin;C:\WINDOWS\SYSTEM32;C:\WINDOWS\WinSxS\amd64_microsoft.windows.common-controls_6595b64144ccf1df_6.0.26100.8115_none_3e075c82e3354f9c;D:\Downloads\jdk-25_windows-x64_bin\jdk-25.0.3\bin\server

VM Arguments:
java_command: C:\Users\Admin\AppData\Local\Temp\surefire12409221336569608476\surefirebooter-20260501155458618_3.jar C:\Users\Admin\AppData\Local\Temp\surefire12409221336569608476 2026-05-01T15-54-58_509-jvmRun1 surefire-20260501155458618_1tmp surefire_0-20260501155458618_2tmp
java_class_path (initial): C:\Users\Admin\AppData\Local\Temp\surefire12409221336569608476\surefirebooter-20260501155458618_3.jar
Launcher Type: SUN_STANDARD

[Global flags]
     intx CICompilerCount                          = 4                                         {product} {ergonomic}
     uint ConcGCThreads                            = 2                                         {product} {ergonomic}
     uint G1ConcRefinementThreads                  = 8                                         {product} {ergonomic}
   size_t G1HeapRegionSize                         = 2097152                                   {product} {ergonomic}
   size_t InitialHeapSize                          = 264241152                                 {product} {ergonomic}
   size_t MarkStackSize                            = 4194304                                   {product} {ergonomic}
   size_t MarkStackSizeMax                         = 536870912                                 {product} {ergonomic}
   size_t MaxHeapSize                              = 4223664128                                {product} {ergonomic}
   size_t MaxNewSize                               = 2533359616                                {product} {ergonomic}
   size_t MinHeapDeltaBytes                        = 2097152                                   {product} {ergonomic}
   size_t MinHeapSize                              = 8388608                                   {product} {ergonomic}
    uintx NonNMethodCodeHeapSize                   = 5832704                                {pd product} {ergonomic}
    uintx NonProfiledCodeHeapSize                  = 122945536                              {pd product} {ergonomic}
    uintx ProfiledCodeHeapSize                     = 122880000                              {pd product} {ergonomic}
    uintx ReservedCodeCacheSize                    = 251658240                              {pd product} {ergonomic}
     bool SegmentedCodeCache                       = true                                      {product} {ergonomic}
   size_t SoftMaxHeapSize                          = 4223664128                             {manageable} {ergonomic}
     bool UseCompressedOops                        = true                           {product lp64_product} {ergonomic}
     bool UseG1GC                                  = true                                      {product} {ergonomic}
     bool UseLargePagesIndividualAllocation        = false                                  {pd product} {ergonomic}

Logging:
Log output configuration:
 #0: stdout all=warning uptime,level,tags foldmultilines=false
 #1: stderr all=off uptime,level,tags foldmultilines=false

Release file:
IMPLEMENTOR="Oracle Corporation" 
JAVA_RUNTIME_VERSION="25.0.3+9-LTS-195" 
JAVA_VERSION="25.0.3" 
JAVA_VERSION_DATE="2026-04-21" 
LIBC="default" 
MODULES="java.base java.compiler java.datatransfer java.xml java.prefs java.desktop java.instrument java.logging java.management java.security.sasl java.naming java.rmi java.management.rmi java.net.http java.scripting java.security.jgss java.transaction.xa java.sql java.sql.rowset java.xml.crypto java.se java.smartcardio jdk.accessibility jdk.internal.jvmstat jdk.attach jdk.charsets jdk.internal.opt jdk.zipfs jdk.compiler jdk.crypto.cryptoki jdk.crypto.ec jdk.crypto.mscapi jdk.dynalink jdk.internal.ed jdk.editpad jdk.internal.vm.ci jdk.graal.compiler jdk.graal.compiler.management jdk.hotspot.agent jdk.httpserver jdk.incubator.vector jdk.internal.le jdk.internal.md jdk.jartool jdk.javadoc jdk.jcmd jdk.management jdk.management.agent jdk.jconsole jdk.jdeps jdk.jdwp.agent jdk.jdi jdk.jfr jdk.jlink jdk.jpackage jdk.jshell jdk.jsobject jdk.jstatd jdk.localedata jdk.management.jfr jdk.naming.dns jdk.naming.rmi jdk.net jdk.nio.mapmode jdk.sctp jdk.security.auth jdk.security.jgss jdk.unsupported jdk.unsupported.desktop jdk.xml.dom" 
OS_ARCH="x86_64" 
OS_NAME="Windows" 
SOURCE=".:git:bf167394bb46 open:git:e57ac4c1e765" 

Environment Variables:
JAVA_HOME=D:\Downloads\jdk-25_windows-x64_bin\jdk-25.0.3
PATH=C:\Users\Admin\AppData\Local\Programs\Microsoft VS Code;C:\WINDOWS\system32;C:\WINDOWS;C:\WINDOWS\System32\Wbem;C:\WINDOWS\System32\WindowsPowerShell\v1.0\;C:\WINDOWS\System32\OpenSSH\;D:\GitGit\cmd;C:\Program Files\Docker\Docker\resources\bin;D:\Downloads\jdk-25_windows-x64_bin\jdk-25.0.3\bin;D:\Downloads\apache-maven-3.9.15-bin\apache-maven-3.9.15\bin;C:\Program Files\dotnet\;D:\python310;D:\python310\Scripts;C:\Users\Admin\AppData\Local\Microsoft\WindowsApps;C:\Users\Admin\AppData\Local\Programs\Microsoft VS Code\bin;D:\python310;D:\python310\Scripts;c:\Users\Admin\.vscode\extensions\vscjava.vscode-java-debug-0.59.0\bundled\scripts\noConfigScripts
USERNAME=Admin
LANG=en_US.UTF-8
OS=Windows_NT
PROCESSOR_IDENTIFIER=Intel64 Family 6 Model 140 Stepping 1, GenuineIntel
TMP=C:\Users\Admin\AppData\Local\Temp
TEMP=C:\Users\Admin\AppData\Local\Temp




Compilation memory statistics disabled.

Periodic native trim disabled

---------------  S Y S T E M  ---------------

OS:
 Windows 11 , 64 bit Build 26100 (10.0.26100.8246)
OS uptime: 0 days 1:36 hours
Hyper-V role detected

CPU: total 8 (initial active 8) (4 cores per cpu, 2 threads per core) family 6 model 140 stepping 1 microcode 0xbc, cx8, cmov, fxsr, ht, mmx, 3dnowpref, sse, sse2, sse3, ssse3, sse4.1, sse4.2, popcnt, lzcnt, tsc, tscinvbit, avx, avx2, aes, erms, clmul, bmi1, bmi2, adx, avx512f, avx512dq, avx512cd, avx512bw, avx512vl, sha, fma, vzeroupper, avx512_vpopcntdq, avx512_vpclmulqdq, avx512_vaes, avx512_vnni, clflush, clflushopt, clwb, avx512_vbmi2, avx512_vbmi, hv, rdtscp, rdpid, fsrm, gfni, avx512_bitalg, f16c, cet_ibt, cet_ss, avx512_ifma
Processor Information for processor 0
  Max Mhz: 2803, Current Mhz: 2803, Mhz Limit: 2803
Processor Information for processor 1
  Max Mhz: 2803, Current Mhz: 2803, Mhz Limit: 2803
Processor Information for processor 2
  Max Mhz: 2803, Current Mhz: 1201, Mhz Limit: 2803
Processor Information for processor 3
  Max Mhz: 2803, Current Mhz: 2803, Mhz Limit: 2803
Processor Information for processor 4
  Max Mhz: 2803, Current Mhz: 2803, Mhz Limit: 2803
Processor Information for processor 5
  Max Mhz: 2803, Current Mhz: 2803, Mhz Limit: 2803
Processor Information for processor 6
  Max Mhz: 2803, Current Mhz: 2803, Mhz Limit: 2803
Processor Information for processor 7
  Max Mhz: 2803, Current Mhz: 2803, Mhz Limit: 2803

Memory: 4k page, system-wide physical 16110M (1235M free)
TotalPageFile size 30732M (AvailPageFile size 49M)
current process WorkingSet (physical memory assigned to process): 158M, peak: 160M
current process commit charge ("private bytes"): 397M, peak: 399M

vm_info: Java HotSpot(TM) 64-Bit Server VM (25.0.3+9-LTS-195) for windows-amd64 JRE (25.0.3+9-LTS-195), built on 2026-03-11T00:20:00Z with MS VC++ 17.13 (VS2022)

END.
